<?xml version="1.0" encoding="UTF-8"?>
<!-- Generated by org.testng.reporters.JUnitReportReporter -->
<testsuite skipped="0" hostname="SamsungLap" name="com.sdet.AuthAlertPopup" tests="1" failures="0" timestamp="2021-06-17T17:34:32 IST" time="36.756" errors="0">
  <testcase name="AuthTest" time="36.756" classname="com.sdet.AuthAlertPopup"/>
  <system-out/>
</testsuite> <!-- com.sdet.AuthAlertPopup -->
