<?xml version="1.0" encoding="UTF-8"?>
<!-- Generated by org.testng.reporters.JUnitReportReporter -->
<testsuite skipped="0" hostname="SamsungLap" name="com.sdet.textAttribute" tests="1" failures="0" timestamp="2021-05-20T13:34:52 IST" time="9.688" errors="0">
  <testcase name="getTxtAttributeDiffTest" time="9.688" classname="com.sdet.textAttribute"/>
  <system-out/>
</testsuite> <!-- com.sdet.textAttribute -->
