<?xml version="1.0" encoding="UTF-8"?>
<!-- Generated by org.testng.reporters.JUnitReportReporter -->
<testsuite skipped="0" hostname="SamsungLap" name="com.sdet.parentFramet" tests="1" failures="0" timestamp="2021-05-21T16:28:12 IST" time="16.792" errors="0">
  <testcase name="parentframeTest" time="16.792" classname="com.sdet.parentFramet"/>
  <system-out/>
</testsuite> <!-- com.sdet.parentFramet -->
