<?xml version="1.0" encoding="UTF-8"?>
<!-- Generated by org.testng.reporters.JUnitReportReporter -->
<testsuite skipped="0" hostname="SamsungLap" name="com.sdet.DropdownSorted" tests="1" failures="0" timestamp="2021-05-21T09:35:15 IST" time="18.398" errors="0">
  <testcase name="dropdownsortTest" time="18.398" classname="com.sdet.DropdownSorted"/>
  <system-out/>
</testsuite> <!-- com.sdet.DropdownSorted -->
