<?xml version="1.0" encoding="UTF-8"?>
<!-- Generated by org.testng.reporters.JUnitReportReporter -->
<testsuite skipped="0" hostname="SamsungLap" name="com.sdet.SelectCheckbox" tests="1" failures="0" timestamp="2021-05-21T12:11:25 IST" time="9.213" errors="0">
  <testcase name="SelectChkBocTest" time="9.213" classname="com.sdet.SelectCheckbox"/>
  <system-out/>
</testsuite> <!-- com.sdet.SelectCheckbox -->
