<?xml version="1.0" encoding="UTF-8"?>
<!-- Generated by org.testng.reporters.JUnitReportReporter -->
<testsuite skipped="0" hostname="SamsungLap" name="com.sdet.frames" tests="1" failures="0" timestamp="2021-05-21T16:18:40 IST" time="24.143" errors="0">
  <testcase name="frameTest" time="24.143" classname="com.sdet.frames"/>
  <system-out/>
</testsuite> <!-- com.sdet.frames -->
