<?xml version="1.0" encoding="UTF-8"?>
<!-- Generated by org.testng.reporters.JUnitReportReporter -->
<testsuite skipped="0" hostname="SamsungLap" name="com.sdet.NavigateTest" tests="1" failures="0" timestamp="2021-05-20T12:21:50 IST" time="33.604" errors="0">
  <testcase name="Navigate_Test" time="33.604" classname="com.sdet.NavigateTest"/>
  <system-out/>
</testsuite> <!-- com.sdet.NavigateTest -->
