<?xml version="1.0" encoding="UTF-8"?>
<!-- Generated by org.testng.reporters.JUnitReportReporter -->
<testsuite skipped="0" hostname="SamsungLap" name="com.sdet.IsSelect" tests="1" failures="0" timestamp="2021-05-20T12:07:51 IST" time="13.637" errors="0">
  <testcase name="isSelectTest" time="13.637" classname="com.sdet.IsSelect"/>
  <system-out/>
</testsuite> <!-- com.sdet.IsSelect -->
