<?xml version="1.0" encoding="UTF-8"?>
<!-- Generated by org.testng.reporters.JUnitReportReporter -->
<testsuite skipped="0" hostname="SamsungLap" name="com.sdet.AlertsHandle" tests="1" failures="0" timestamp="2021-06-17T17:32:45 IST" time="24.683" errors="0">
  <testcase name="alertTest" time="24.683" classname="com.sdet.AlertsHandle"/>
  <system-out/>
</testsuite> <!-- com.sdet.AlertsHandle -->
