<?xml version="1.0" encoding="UTF-8"?>
<!-- Generated by org.testng.reporters.JUnitReportReporter -->
<testsuite skipped="0" hostname="SamsungLap" name="com.sdet.AutoCompletePlacesDropdown" tests="1" failures="0" timestamp="2021-06-17T17:32:45 IST" time="39.372" errors="0">
  <testcase name="AutocompPlacesTest" time="39.372" classname="com.sdet.AutoCompletePlacesDropdown"/>
  <system-out/>
</testsuite> <!-- com.sdet.AutoCompletePlacesDropdown -->
