<?xml version="1.0" encoding="UTF-8"?>
<!-- Generated by org.testng.reporters.JUnitReportReporter -->
<testsuite skipped="0" hostname="SamsungLap" name="com.sdet.Winhandle" tests="1" failures="0" timestamp="2021-05-21T13:52:18 IST" time="79.857" errors="0">
  <testcase name="WindowHandlesTest" time="79.857" classname="com.sdet.Winhandle"/>
  <system-out/>
</testsuite> <!-- com.sdet.Winhandle -->
