<?xml version="1.0" encoding="UTF-8"?>
<!-- Generated by org.testng.reporters.JUnitReportReporter -->
<testsuite skipped="0" hostname="SamsungLap" name="com.sdet.AppTest" tests="2" failures="0" timestamp="2021-06-17T17:33:29 IST" time="0.050" errors="0">
  <testcase name="testLogin2" time="0.007" classname="com.sdet.AppTest"/>
  <system-out/>
  <testcase name="testLogin1" time="0.043" classname="com.sdet.AppTest"/>
  <system-out/>
</testsuite> <!-- com.sdet.AppTest -->
