<?xml version="1.0" encoding="UTF-8"?>
<!-- Generated by org.testng.reporters.JUnitReportReporter -->
<testsuite skipped="0" hostname="SamsungLap" name="com.sdet.findEle" tests="1" failures="0" timestamp="2021-05-20T13:04:00 IST" time="17.773" errors="0">
  <testcase name="findEleTest" time="17.773" classname="com.sdet.findEle"/>
  <system-out/>
</testsuite> <!-- com.sdet.findEle -->
