<?xml version="1.0" encoding="UTF-8"?>
<!-- Generated by org.testng.reporters.JUnitReportReporter -->
<testsuite skipped="0" hostname="SamsungLap" name="com.sdet.bootStrapDropdown" tests="1" failures="0" timestamp="2021-05-20T20:18:49 IST" time="22.617" errors="0">
  <testcase name="bootStrapdropTest" time="22.617" classname="com.sdet.bootStrapDropdown"/>
  <system-out/>
</testsuite> <!-- com.sdet.bootStrapDropdown -->
