<?xml version="1.0" encoding="UTF-8"?>
<!-- Generated by org.testng.reporters.JUnitReportReporter -->
<testsuite skipped="0" hostname="SamsungLap" name="com.sdet.SyncConcept" tests="1" failures="0" timestamp="2021-05-21T18:57:57 IST" time="114.930" errors="0">
  <testcase name="SyncConceptTest" time="114.930" classname="com.sdet.SyncConcept"/>
  <system-out/>
</testsuite> <!-- com.sdet.SyncConcept -->
