<?xml version="1.0" encoding="UTF-8"?>
<!-- Generated by org.testng.reporters.JUnitReportReporter -->
<testsuite skipped="0" hostname="SamsungLap" name="com.sdet.SelectDropdown" tests="1" failures="0" timestamp="2021-05-20T19:26:01 IST" time="29.031" errors="0">
  <testcase name="selectDropdownvalue" time="29.031" classname="com.sdet.SelectDropdown"/>
  <system-out/>
</testsuite> <!-- com.sdet.SelectDropdown -->
