<?xml version="1.0" encoding="UTF-8"?>
<!-- Generated by org.testng.reporters.JUnitReportReporter -->
<testsuite skipped="0" hostname="SamsungLap" name="com.sdet.JQueryDropdown" tests="1" failures="0" timestamp="2021-05-20T23:24:41 IST" time="19.882" errors="0">
  <testcase name="jqueryDropdwnSelectTest" time="19.882" classname="com.sdet.JQueryDropdown"/>
  <system-out/>
</testsuite> <!-- com.sdet.JQueryDropdown -->
