<?xml version="1.0" encoding="UTF-8"?>
<!-- Generated by org.testng.reporters.JUnitReportReporter -->
<testsuite skipped="0" hostname="SamsungLap" name="com.sdet.AutoSelectDropdown" tests="2" failures="0" timestamp="2021-05-21T10:35:45 IST" time="41.099" errors="0">
  <testcase name="AutoSelectTest2" time="19.483" classname="com.sdet.AutoSelectDropdown"/>
  <system-out/>
  <testcase name="AutoSelectTest" time="21.616" classname="com.sdet.AutoSelectDropdown"/>
  <system-out/>
</testsuite> <!-- com.sdet.AutoSelectDropdown -->
