<?xml version="1.0" encoding="UTF-8"?>
<!-- Generated by org.testng.reporters.JUnitReportReporter -->
<testsuite skipped="0" hostname="SamsungLap" name="com.sdet.LinkSc" tests="1" failures="0" timestamp="2021-05-21T14:39:58 IST" time="105.077" errors="0">
  <testcase name="LickTest" time="105.077" classname="com.sdet.LinkSc"/>
  <system-out/>
</testsuite> <!-- com.sdet.LinkSc -->
