<?xml version="1.0" encoding="UTF-8"?>
<!-- Generated by org.testng.reporters.JUnitReportReporter -->
<testsuite skipped="0" hostname="SamsungLap" name="com.sdet.InnerFrame" tests="1" failures="0" timestamp="2021-05-21T16:14:36 IST" time="54.715" errors="0">
  <testcase name="InnerframeTest" time="54.715" classname="com.sdet.InnerFrame"/>
  <system-out/>
</testsuite> <!-- com.sdet.InnerFrame -->
