<?xml version="1.0" encoding="UTF-8"?>
<!-- Generated by org.testng.reporters.JUnitReportReporter -->
<testsuite skipped="0" hostname="SamsungLap" name="com.sdet.TC_Login" tests="2" failures="0" timestamp="2021-06-17T16:20:25 IST" time="57.108" errors="0">
  <testcase name="login_Test" time="57.098" classname="com.sdet.TC_Login"/>
  <system-out/>
  <testcase name="excel_Test" time="0.010" classname="com.sdet.TC_Login"/>
  <system-out/>
</testsuite> <!-- com.sdet.TC_Login -->
